2013-03-11 18:37:31,641: test.s3backup (159)- Added E:\Project\Test\4.docx.
2013-03-11 18:37:31,642: test.s3backup (159)- Added E:\Project\Test\5.docx.
2013-03-11 18:38:15,000: test.s3backup (159)- Added E:\Project\Test\4.docx.
2013-03-11 18:38:15,002: test.s3backup (159)- Added E:\Project\Test\5.docx.
2013-03-11 18:38:17,032: test.s3backup (183)- key: <Key: cryptovault,test1/monthly/20130311.tar.bz2>
2013-03-11 18:38:17,032: test.s3backup (184)- meta:enc: True
2013-03-11 18:45:27,387: test.s3restore (401)- Improper date format given.
2013-03-11 18:45:40,394: test.s3restore (401)- Improper date format given.
2013-03-11 18:45:57,007: test.s3restore (401)- Improper date format given.
2013-03-11 18:46:25,039: test.s3restore (401)- Improper date format given.
2013-03-11 18:46:42,948: test.s3restore (401)- Improper date format given.
2013-03-11 18:47:49,799: test.s3restore (401)- Improper date format given.
2013-03-11 18:48:26,073: test.s3restore (401)- Improper date format given.
2013-03-11 18:49:32,967: test.s3restore (401)- Improper date format given.
2013-03-11 18:49:48,404: test.s3restore (307)- Archive: C:\Users\Strider\Desktop\Cryptovault\tmp\backup\20130311.tar.bz2
2013-03-11 18:53:22,618: test.s3restore (401)- Improper date format given.
2013-03-11 18:54:23,426: test.s3restore (401)- Improper date format given.
2013-03-11 18:55:00,884: test.s3restore (401)- Improper date format given.
2013-03-11 18:56:01,171: test.s3restore (401)- Improper date format given.
2013-03-11 18:56:27,200: test.s3restore (401)- Improper date format given.
2013-03-11 18:57:16,957: test.s3restore (307)- Archive: C:\Users\Strider\Desktop\Cryptovault\tmp\backup\20130311.tar.bz2
2013-03-11 19:01:24,312: test.s3restore (401)- Improper date format given.
2013-03-11 19:02:24,854: test.s3restore (401)- Improper date format given.
2013-03-11 19:03:20,819: test.s3restore (401)- Improper date format given.
2013-03-11 19:04:38,882: test.s3restore (401)- Improper date format given.
2013-03-11 19:05:28,088: test.s3restore (401)- Improper date format given.
2013-03-11 19:05:49,766: test.s3restore (307)- Archive: C:\Users\Strider\Desktop\Cryptovault\tmp\backup\20130311.tar.bz2
2013-03-11 19:21:15,227: test.s3backup (159)- Added E:\Project\Test\1.jpg.
2013-03-11 19:21:15,457: test.s3backup (159)- Added E:\Project\Test\2.jpg.
2013-03-11 19:21:15,459: test.s3backup (159)- Added E:\Project\Test\4.docx.
2013-03-11 19:21:17,898: test.s3backup (183)- key: <Key: cryptovault,test1/daily/20130311.tar.bz2>
2013-03-11 19:21:17,900: test.s3backup (184)- meta:enc: True
2013-03-11 19:27:23,048: test.s3restore (103)- Calling handle_download. args.date = 3 11 2013
2013-03-11 19:27:23,382: test.s3restore (367)- Invalid path "C:\test" given. Using default directory C:\Users\Strider\Desktop\Cryptovault\tmp\backup
2013-03-11 19:27:47,665: test.s3restore (109)- Saved file to C:\Users\Strider\Desktop\Cryptovault\tmp\backup\20130311.tar.bz2.
2013-03-11 19:32:50,025: test.s3backup (159)- Added E:\Groove Center™\Hes_a_pirate.mp3.
2013-03-11 19:32:52,278: test.s3backup (183)- key: <Key: cryptovault,test1/weekly/20130311.tar.bz2>
2013-03-11 19:32:52,278: test.s3backup (184)- meta:enc: True
2013-03-12 09:43:58,341: test.s3backup (144)- Added E:\Project\Test\1.jpg.
2013-03-12 09:43:58,591: test.s3backup (144)- Added E:\Project\Test\2.jpg.
2013-03-12 09:43:58,638: test.s3backup (144)- Added E:\Project\Test\4.docx.
2013-03-12 09:43:58,763: test.s3backup (144)- Added F:\genesis\grp event.jpg.
2013-03-12 09:44:01,734: test.s3backup (168)- key: <Key: cryptovault,test1/daily/20130312.tar.bz2>
2013-03-12 09:44:01,734: test.s3backup (169)- meta:enc: True
2013-03-12 10:42:49,244: test.s3backup (144)- Added E:\Groove Center™\Hes_a_pirate.mp3.
2013-03-12 10:42:53,160: test.s3backup (168)- key: <Key: cryptovault,test1/weekly/20130312.tar.bz2>
2013-03-12 10:42:53,161: test.s3backup (169)- meta:enc: True
2013-03-12 10:50:42,878: test.s3restore (346)- The key "enc" does not exist.
2013-03-12 10:50:42,878: test.s3restore (369)- There is not a None backup on 3 12 2013.
2013-03-12 10:52:16,135: test.s3restore (346)- The key "enc" does not exist.
2013-03-12 10:52:16,137: test.s3restore (369)- There is not a None backup on 3 11 2013.
2013-03-12 10:54:11,038: test.s3restore (293)- Archive: C:\Users\Strider\Desktop\Cryptovault\tmp\backup\20130311.tar.bz2
2013-03-12 10:58:03,467: test.s3restore (271)- Extracting <TarInfo 'Project/Test/1.jpg' at 0x2a8e970> to C.
2013-03-12 10:59:28,559: test.s3restore (293)- Archive: C:\Users\Strider\Desktop\Cryptovault\tmp\backup\20130311.tar.bz2
2013-03-12 11:07:17,812: test.s3restore (89 )- Calling handle_download. args.date = 3 11 2013
2013-03-12 11:08:30,737: test.s3restore (98 )- Archive: C:\Users\Strider\Desktop\Cryptovault\tmp\backup\20130311.tar.bz2
2013-03-12 14:47:25,874: test.s3backup (144)- Added E:\Project\Test\1.jpg.
2013-03-12 14:47:26,128: test.s3backup (144)- Added E:\Project\Test\2.jpg.
2013-03-12 14:47:26,178: test.s3backup (144)- Added F:\genesis\grp event.jpg.
2013-03-12 14:47:32,786: test.s3backup (168)- key: <Key: cryptovault,internal/daily/20130312.tar.bz2>
2013-03-12 14:47:32,786: test.s3backup (169)- meta:enc: True
2013-03-12 14:52:37,233: test.s3restore (89 )- Calling handle_download. args.date = 3 12 2013
2013-03-12 14:53:26,210: test.s3restore (98 )- Archive: C:\Users\Strider\Desktop\Cryptovault\tmp\backup\20130312.tar.bz2
2013-03-12 14:53:26,450: test.s3restore (65 )- Project/Test/1.jpg exists. Not restoring.
2013-03-12 14:53:26,450: test.s3restore (62 )- Extracting Project/Test/2.jpg
2013-03-12 14:53:26,650: test.s3restore (62 )- Extracting genesis/grp event.jpg
2013-03-12 15:21:32,545: test.s3backup (144)- Added E:\Project\Test\4.docx.
2013-03-12 15:21:32,585: test.s3backup (144)- Added E:\Project\Test\5.docx.
2013-03-12 15:21:34,767: test.s3backup (168)- key: <Key: cryptovault,internal/monthly/20130312.tar.bz2>
2013-03-12 15:21:34,769: test.s3backup (169)- meta:enc: True
2013-03-12 15:26:55,471: test.s3restore (89 )- Calling handle_download. args.date = 3 12 2013
2013-03-12 15:27:01,088: test.s3restore (98 )- Archive: C:\Users\Strider\Desktop\Cryptovault\tmp\backup\20130312.tar.bz2
2013-03-12 15:27:01,101: test.s3restore (62 )- Extracting Project/Test/4.docx
2013-03-12 15:27:01,105: test.s3restore (62 )- Extracting Project/Test/5.docx
2013-03-12 15:29:47,759: test.s3restore (293)- Archive: C:\Users\Strider\Desktop\Cryptovault\tmp\backup\20130312.tar.bz2
2013-03-12 15:31:07,346: test.s3restore (271)- Extracting <TarInfo 'Project/Test/4.docx' at 0x2ab8970> to C.
2013-03-14 16:07:40,358: test.s3backup (168)- key: <Key: cryptovault,internal/daily/20130314.tar.bz2>
2013-03-14 16:07:40,405: test.s3backup (169)- meta:enc: True
2013-03-14 16:11:25,259: test.s3backup (144)- Added E:\Project\Test\1.jpg.
2013-03-14 16:11:25,505: test.s3backup (144)- Added E:\Project\Test\2.jpg.
2013-03-14 16:11:25,566: test.s3backup (144)- Added F:\genesis\grp event.jpg.
2013-03-14 16:11:27,517: test.s3backup (168)- key: <Key: cryptovault,internal/daily/20130314.tar.bz2>
2013-03-14 16:11:27,519: test.s3backup (169)- meta:enc: True
2013-03-14 16:56:19,368: test.s3backup (144)- Added E:\Project\Test\1.jpg.
2013-03-14 16:56:19,578: test.s3backup (144)- Added E:\Project\Test\2.jpg.
2013-03-14 16:56:19,584: test.s3backup (144)- Added F:\genesis\grp event.jpg.
2013-03-14 16:58:05,265: test.s3backup (168)- key: <Key: cryptovault,internal/daily/20130314.tar.bz2>
2013-03-14 16:58:05,266: test.s3backup (169)- meta:enc: True
2013-03-14 21:05:28,496: test.s3backup (144)- Added E:\Project\Test\4.docx.
2013-03-14 21:05:28,500: test.s3backup (144)- Added F:\genesis\grp event.jpg.
2013-03-14 21:05:30,505: test.s3backup (144)- Added E:\icons.
2013-03-14 21:05:32,838: test.s3backup (168)- key: <Key: cryptovault,internal/weekly/20130314.tar.bz2>
2013-03-14 21:05:32,839: test.s3backup (169)- meta:enc: True
2013-03-14 21:06:21,711: test.s3backup (144)- Added E:\Project\Test\4.docx.
2013-03-14 21:06:21,743: test.s3backup (144)- Added E:\Project\Test\5.docx.
2013-03-14 21:06:23,688: test.s3backup (168)- key: <Key: cryptovault,internal/monthly/20130314.tar.bz2>
2013-03-14 21:06:23,690: test.s3backup (169)- meta:enc: True
2013-03-14 21:06:36,710: test.s3backup (144)- Added E:\Project\Test\1.jpg.
2013-03-14 21:06:36,903: test.s3backup (144)- Added E:\Project\Test\2.jpg.
2013-03-14 21:06:36,905: test.s3backup (144)- Added F:\genesis\grp event.jpg.
2013-03-14 21:06:37,135: test.s3backup (144)- Added E:\tswallpaper.png.
2013-03-14 21:06:38,845: test.s3backup (168)- key: <Key: cryptovault,internal/daily/20130314.tar.bz2>
2013-03-14 21:06:38,846: test.s3backup (169)- meta:enc: True
2013-03-14 21:23:48,762: test.s3restore (89 )- Calling handle_download. args.date = last
2013-03-14 21:23:59,563: test.s3restore (98 )- Archive: C:\Users\Strider\Desktop\Cryptovault\tmp\backup\20130314.tar.bz2
2013-03-14 21:23:59,841: test.s3restore (65 )- Project/Test/4.docx exists. Not restoring.
2013-03-14 21:23:59,842: test.s3restore (65 )- genesis/grp event.jpg exists. Not restoring.
2013-03-14 21:23:59,842: test.s3restore (62 )- Extracting icons
2013-03-14 21:23:59,844: test.s3restore (62 )- Extracting icons/16
2013-03-14 21:23:59,845: test.s3restore (62 )- Extracting icons/16/+1.png
2013-03-14 21:23:59,888: test.s3restore (62 )- Extracting icons/16/aol.png
2013-03-14 21:23:59,888: test.s3restore (62 )- Extracting icons/16/apple.png
2013-03-14 21:23:59,890: test.s3restore (62 )- Extracting icons/16/ask.png
2013-03-14 21:23:59,891: test.s3restore (62 )- Extracting icons/16/audimated.png
2013-03-14 21:23:59,904: test.s3restore (62 )- Extracting icons/16/bebo.png
2013-03-14 21:23:59,904: test.s3restore (62 )- Extracting icons/16/behance.png
2013-03-14 21:23:59,907: test.s3restore (62 )- Extracting icons/16/biip.png
2013-03-14 21:23:59,907: test.s3restore (62 )- Extracting icons/16/blinklist.png
2013-03-14 21:23:59,908: test.s3restore (62 )- Extracting icons/16/blogger.png
2013-03-14 21:23:59,911: test.s3restore (62 )- Extracting icons/16/brightlike.png
2013-03-14 21:23:59,911: test.s3restore (62 )- Extracting icons/16/buzz.png
2013-03-14 21:23:59,913: test.s3restore (62 )- Extracting icons/16/cargo.png
2013-03-14 21:23:59,914: test.s3restore (62 )- Extracting icons/16/del_icio_us.png
2013-03-14 21:23:59,915: test.s3restore (62 )- Extracting icons/16/designfloat.png
2013-03-14 21:23:59,917: test.s3restore (62 )- Extracting icons/16/designmoo.png
2013-03-14 21:23:59,920: test.s3restore (62 )- Extracting icons/16/deviantart.png
2013-03-14 21:23:59,921: test.s3restore (62 )- Extracting icons/16/digg.png
2013-03-14 21:23:59,938: test.s3restore (62 )- Extracting icons/16/Diigo.png
2013-03-14 21:23:59,941: test.s3restore (62 )- Extracting icons/16/dopprl.png
2013-03-14 21:23:59,944: test.s3restore (62 )- Extracting icons/16/dribble.png
2013-03-14 21:23:59,944: test.s3restore (62 )- Extracting icons/16/dribble_alt.png
2013-03-14 21:23:59,947: test.s3restore (62 )- Extracting icons/16/ember.png
2013-03-14 21:23:59,948: test.s3restore (62 )- Extracting icons/16/evernote.png
2013-03-14 21:23:59,950: test.s3restore (62 )- Extracting icons/16/facebook.png
2013-03-14 21:23:59,951: test.s3restore (62 )- Extracting icons/16/facebook_alt.png
2013-03-14 21:23:59,953: test.s3restore (62 )- Extracting icons/16/filmaffinity.png
2013-03-14 21:23:59,956: test.s3restore (62 )- Extracting icons/16/flickr.png
2013-03-14 21:23:59,957: test.s3restore (62 )- Extracting icons/16/flickr_alt.png
2013-03-14 21:23:59,957: test.s3restore (62 )- Extracting icons/16/forrst.png
2013-03-14 21:23:59,960: test.s3restore (62 )- Extracting icons/16/friendfeed.png
2013-03-14 21:23:59,963: test.s3restore (62 )- Extracting icons/16/friendster.png
2013-03-14 21:23:59,964: test.s3restore (62 )- Extracting icons/16/g+.png
2013-03-14 21:23:59,967: test.s3restore (62 )- Extracting icons/16/google.png
2013-03-14 21:23:59,969: test.s3restore (62 )- Extracting icons/16/gowalla.png
2013-03-14 21:23:59,970: test.s3restore (62 )- Extracting icons/16/grooveshark.png
2013-03-14 21:23:59,971: test.s3restore (62 )- Extracting icons/16/hi5.png
2013-03-14 21:23:59,973: test.s3restore (62 )- Extracting icons/16/hyves.png
2013-03-14 21:23:59,974: test.s3restore (62 )- Extracting icons/16/iLike.png
2013-03-14 21:23:59,976: test.s3restore (62 )- Extracting icons/16/lastFM.png
2013-03-14 21:23:59,989: test.s3restore (62 )- Extracting icons/16/linkedIn.png
2013-03-14 21:23:59,990: test.s3restore (62 )- Extracting icons/16/livejournal.png
2013-03-14 21:23:59,992: test.s3restore (62 )- Extracting icons/16/lovedsgn.png
2013-03-14 21:23:59,993: test.s3restore (62 )- Extracting icons/16/lovedsgn_alt.png
2013-03-14 21:24:00,022: test.s3restore (62 )- Extracting icons/16/mail.png
2013-03-14 21:24:00,023: test.s3restore (62 )- Extracting icons/16/mixx.png
2013-03-14 21:24:00,026: test.s3restore (62 )- Extracting icons/16/msn.png
2013-03-14 21:24:00,028: test.s3restore (62 )- Extracting icons/16/myspace.png
2013-03-14 21:24:00,029: test.s3restore (62 )- Extracting icons/16/netlog.png
2013-03-14 21:24:00,046: test.s3restore (62 )- Extracting icons/16/netvibes.png
2013-03-14 21:24:00,049: test.s3restore (62 )- Extracting icons/16/newsvine.png
2013-03-14 21:24:00,051: test.s3restore (62 )- Extracting icons/16/openID.png
2013-03-14 21:24:00,052: test.s3restore (62 )- Extracting icons/16/orkut.png
2013-03-14 21:24:00,053: test.s3restore (62 )- Extracting icons/16/pandora.png
2013-03-14 21:24:00,055: test.s3restore (62 )- Extracting icons/16/picasa.png
2013-03-14 21:24:00,058: test.s3restore (62 )- Extracting icons/16/ping.png
2013-03-14 21:24:00,061: test.s3restore (62 )- Extracting icons/16/podcast.png
2013-03-14 21:24:00,062: test.s3restore (62 )- Extracting icons/16/posterous.png
2013-03-14 21:24:00,065: test.s3restore (62 )- Extracting icons/16/qik.png
2013-03-14 21:24:00,065: test.s3restore (62 )- Extracting icons/16/reddit.png
2013-03-14 21:24:00,068: test.s3restore (62 )- Extracting icons/16/RSS.png
2013-03-14 21:24:00,069: test.s3restore (62 )- Extracting icons/16/shareThis.png
2013-03-14 21:24:00,071: test.s3restore (62 )- Extracting icons/16/skype.png
2013-03-14 21:24:00,072: test.s3restore (62 )- Extracting icons/16/skype_alt.png
2013-03-14 21:24:00,098: test.s3restore (62 )- Extracting icons/16/socialvibe.png
2013-03-14 21:24:00,101: test.s3restore (62 )- Extracting icons/16/spotify.png
2013-03-14 21:24:00,107: test.s3restore (62 )- Extracting icons/16/spotify_alt.png
2013-03-14 21:24:00,125: test.s3restore (62 )- Extracting icons/16/stumbleaudio.png
2013-03-14 21:24:00,127: test.s3restore (62 )- Extracting icons/16/stumbleupon.png
2013-03-14 21:24:00,128: test.s3restore (62 )- Extracting icons/16/technorati.png
2013-03-14 21:24:00,131: test.s3restore (62 )- Extracting icons/16/tumblr.png
2013-03-14 21:24:00,132: test.s3restore (62 )- Extracting icons/16/twitter.png
2013-03-14 21:24:00,135: test.s3restore (62 )- Extracting icons/16/twitter_alt.png
2013-03-14 21:24:00,138: test.s3restore (62 )- Extracting icons/16/viddler.png
2013-03-14 21:24:00,158: test.s3restore (62 )- Extracting icons/16/vimeoo.png
2013-03-14 21:24:00,181: test.s3restore (62 )- Extracting icons/16/wordpress.png
2013-03-14 21:24:00,184: test.s3restore (62 )- Extracting icons/16/xing.png
2013-03-14 21:24:00,186: test.s3restore (62 )- Extracting icons/16/xing_alt.png
2013-03-14 21:24:00,187: test.s3restore (62 )- Extracting icons/16/yahoo.png
2013-03-14 21:24:00,207: test.s3restore (62 )- Extracting icons/16/yahooBuzz.png
2013-03-14 21:24:00,210: test.s3restore (62 )- Extracting icons/16/yelp.png
2013-03-14 21:24:00,211: test.s3restore (62 )- Extracting icons/16/youtube.png
2013-03-14 21:24:00,213: test.s3restore (62 )- Extracting icons/16/youtube_alt.png
2013-03-14 21:24:00,216: test.s3restore (62 )- Extracting icons/16/zootool.png
2013-03-14 21:24:00,219: test.s3restore (62 )- Extracting icons/32
2013-03-14 21:24:00,220: test.s3restore (62 )- Extracting icons/32/+1.png
2013-03-14 21:24:00,237: test.s3restore (62 )- Extracting icons/32/aol.png
2013-03-14 21:24:00,240: test.s3restore (62 )- Extracting icons/32/Apple.png
2013-03-14 21:24:00,240: test.s3restore (62 )- Extracting icons/32/ask.png
2013-03-14 21:24:00,242: test.s3restore (62 )- Extracting icons/32/Audimated.png
2013-03-14 21:24:00,263: test.s3restore (62 )- Extracting icons/32/Bebo.png
2013-03-14 21:24:00,309: test.s3restore (62 )- Extracting icons/32/behance.png
2013-03-14 21:24:00,311: test.s3restore (62 )- Extracting icons/32/biip.png
2013-03-14 21:24:00,312: test.s3restore (62 )- Extracting icons/32/blinklist.png
2013-03-14 21:24:00,315: test.s3restore (62 )- Extracting icons/32/Blogger.png
2013-03-14 21:24:00,316: test.s3restore (62 )- Extracting icons/32/brightkite.png
2013-03-14 21:24:00,319: test.s3restore (62 )- Extracting icons/32/buzz.png
2013-03-14 21:24:00,321: test.s3restore (62 )- Extracting icons/32/Cargo.png
2013-03-14 21:24:00,322: test.s3restore (62 )- Extracting icons/32/del.icio.us.png
2013-03-14 21:24:00,325: test.s3restore (62 )- Extracting icons/32/DesignMoo.png
2013-03-14 21:24:00,328: test.s3restore (62 )- Extracting icons/32/Design_Float.png
2013-03-14 21:24:00,329: test.s3restore (62 )- Extracting icons/32/deviantart.png
2013-03-14 21:24:00,332: test.s3restore (62 )- Extracting icons/32/digg.png
2013-03-14 21:24:00,334: test.s3restore (62 )- Extracting icons/32/diigo.png
2013-03-14 21:24:00,335: test.s3restore (62 )- Extracting icons/32/Dopprl.png
2013-03-14 21:24:00,336: test.s3restore (62 )- Extracting icons/32/dribble.png
2013-03-14 21:24:00,338: test.s3restore (62 )- Extracting icons/32/dribble_alt.png
2013-03-14 21:24:00,348: test.s3restore (62 )- Extracting icons/32/Ember.png
2013-03-14 21:24:00,352: test.s3restore (62 )- Extracting icons/32/evernote.png
2013-03-14 21:24:00,358: test.s3restore (62 )- Extracting icons/32/facebook.png
2013-03-14 21:24:00,361: test.s3restore (62 )- Extracting icons/32/facebook_alt.png
2013-03-14 21:24:00,391: test.s3restore (62 )- Extracting icons/32/Filmaffinity.png
2013-03-14 21:24:00,392: test.s3restore (62 )- Extracting icons/32/flickr.png
2013-03-14 21:24:00,395: test.s3restore (62 )- Extracting icons/32/flickr_alt.png
2013-03-14 21:24:00,398: test.s3restore (62 )- Extracting icons/32/Forrst.png
2013-03-14 21:24:00,400: test.s3restore (62 )- Extracting icons/32/Friendfeed.png
2013-03-14 21:24:00,401: test.s3restore (62 )- Extracting icons/32/Friendster.png
2013-03-14 21:24:00,404: test.s3restore (62 )- Extracting icons/32/g+.png
2013-03-14 21:24:00,405: test.s3restore (62 )- Extracting icons/32/google.png
2013-03-14 21:24:00,428: test.s3restore (62 )- Extracting icons/32/Gowalla.png
2013-03-14 21:24:00,431: test.s3restore (62 )- Extracting icons/32/Grooveshark_alt.png
2013-03-14 21:24:00,434: test.s3restore (62 )- Extracting icons/32/hi5.png
2013-03-14 21:24:00,436: test.s3restore (62 )- Extracting icons/32/hyves.png
2013-03-14 21:24:00,437: test.s3restore (62 )- Extracting icons/32/iLike.png
2013-03-14 21:24:00,440: test.s3restore (62 )- Extracting icons/32/iTunes ping.png
2013-03-14 21:24:00,456: test.s3restore (62 )- Extracting icons/32/last_fm.png
2013-03-14 21:24:00,480: test.s3restore (62 )- Extracting icons/32/linkedin.png
2013-03-14 21:24:00,482: test.s3restore (62 )- Extracting icons/32/LiveJournal.png
2013-03-14 21:24:00,483: test.s3restore (62 )- Extracting icons/32/lovedsgn.png
2013-03-14 21:24:00,486: test.s3restore (62 )- Extracting icons/32/lovedsgn_alt.png
2013-03-14 21:24:00,489: test.s3restore (62 )- Extracting icons/32/mail.png
2013-03-14 21:24:00,490: test.s3restore (62 )- Extracting icons/32/mixx.png
2013-03-14 21:24:00,493: test.s3restore (62 )- Extracting icons/32/msn.png
2013-03-14 21:24:00,494: test.s3restore (62 )- Extracting icons/32/myspace.png
2013-03-14 21:24:00,497: test.s3restore (62 )- Extracting icons/32/netlog.png
2013-03-14 21:24:00,500: test.s3restore (62 )- Extracting icons/32/netvibes.png
2013-03-14 21:24:00,502: test.s3restore (62 )- Extracting icons/32/newsvine.png
2013-03-14 21:24:00,503: test.s3restore (62 )- Extracting icons/32/OpenID.png
2013-03-14 21:24:00,506: test.s3restore (62 )- Extracting icons/32/Orkut.png
2013-03-14 21:24:00,509: test.s3restore (62 )- Extracting icons/32/pandora.png
2013-03-14 21:24:00,510: test.s3restore (62 )- Extracting icons/32/picasa_alt.png
2013-03-14 21:24:00,513: test.s3restore (62 )- Extracting icons/32/Podcast.png
2013-03-14 21:24:00,515: test.s3restore (62 )- Extracting icons/32/posterous.png
2013-03-14 21:24:00,516: test.s3restore (62 )- Extracting icons/32/qik.png
2013-03-14 21:24:00,517: test.s3restore (62 )- Extracting icons/32/reddit.png
2013-03-14 21:24:00,519: test.s3restore (62 )- Extracting icons/32/rss.png
2013-03-14 21:24:00,520: test.s3restore (62 )- Extracting icons/32/sharethis.png
2013-03-14 21:24:00,530: test.s3restore (62 )- Extracting icons/32/skype.png
2013-03-14 21:24:00,556: test.s3restore (62 )- Extracting icons/32/skype_alt.png
2013-03-14 21:24:00,559: test.s3restore (62 )- Extracting icons/32/SocialVibe.png
2013-03-14 21:24:00,561: test.s3restore (62 )- Extracting icons/32/Spotify.png
2013-03-14 21:24:00,562: test.s3restore (62 )- Extracting icons/32/Spotify_alt.png
2013-03-14 21:24:00,565: test.s3restore (62 )- Extracting icons/32/stumbleaudio.png
2013-03-14 21:24:00,566: test.s3restore (62 )- Extracting icons/32/StumbleUpon.png
2013-03-14 21:24:00,569: test.s3restore (62 )- Extracting icons/32/technorati.png
2013-03-14 21:24:00,571: test.s3restore (62 )- Extracting icons/32/Tumblr.png
2013-03-14 21:24:00,572: test.s3restore (62 )- Extracting icons/32/Twitter.png
2013-03-14 21:24:00,573: test.s3restore (62 )- Extracting icons/32/Twitter_alt.png
2013-03-14 21:24:00,575: test.s3restore (62 )- Extracting icons/32/Viddler.png
2013-03-14 21:24:00,578: test.s3restore (62 )- Extracting icons/32/Vimeo.png
2013-03-14 21:24:00,579: test.s3restore (62 )- Extracting icons/32/Wordpress.png
2013-03-14 21:24:00,581: test.s3restore (62 )- Extracting icons/32/xing.png
2013-03-14 21:24:00,582: test.s3restore (62 )- Extracting icons/32/xing_alt.png
2013-03-14 21:24:00,585: test.s3restore (62 )- Extracting icons/32/yahoo buzz.png
2013-03-14 21:24:00,586: test.s3restore (62 )- Extracting icons/32/yahoo.png
2013-03-14 21:24:00,588: test.s3restore (62 )- Extracting icons/32/Yelp.png
2013-03-14 21:24:00,591: test.s3restore (62 )- Extracting icons/32/youtube.png
2013-03-14 21:24:00,592: test.s3restore (62 )- Extracting icons/32/youtube_alt.png
2013-03-14 21:24:00,632: test.s3restore (62 )- Extracting icons/32/zootool.png
2013-03-14 21:24:00,635: test.s3restore (62 )- Extracting icons/64
2013-03-14 21:24:00,637: test.s3restore (62 )- Extracting icons/64/+1.png
2013-03-14 21:24:00,641: test.s3restore (62 )- Extracting icons/64/Aol.png
2013-03-14 21:24:00,644: test.s3restore (62 )- Extracting icons/64/Apple.png
2013-03-14 21:24:00,648: test.s3restore (62 )- Extracting icons/64/Ask.png
2013-03-14 21:24:00,651: test.s3restore (62 )- Extracting icons/64/Audimated.png
2013-03-14 21:24:00,653: test.s3restore (62 )- Extracting icons/64/Bebo.png
2013-03-14 21:24:00,654: test.s3restore (62 )- Extracting icons/64/behance.png
2013-03-14 21:24:00,655: test.s3restore (62 )- Extracting icons/64/biip.png
2013-03-14 21:24:00,658: test.s3restore (62 )- Extracting icons/64/Blinklist.png
2013-03-14 21:24:00,661: test.s3restore (62 )- Extracting icons/64/Blogger.png
2013-03-14 21:24:00,664: test.s3restore (62 )- Extracting icons/64/BrightKite.png
2013-03-14 21:24:00,665: test.s3restore (62 )- Extracting icons/64/Cargo.png
2013-03-14 21:24:00,667: test.s3restore (62 )- Extracting icons/64/Del_icio_us.png
2013-03-14 21:24:00,670: test.s3restore (62 )- Extracting icons/64/DesignFloat.png
2013-03-14 21:24:00,671: test.s3restore (62 )- Extracting icons/64/DesignMoo.png
2013-03-14 21:24:00,674: test.s3restore (62 )- Extracting icons/64/Deviantart.png
2013-03-14 21:24:00,677: test.s3restore (62 )- Extracting icons/64/Digg.png
2013-03-14 21:24:00,678: test.s3restore (62 )- Extracting icons/64/Diigo.png
2013-03-14 21:24:00,680: test.s3restore (62 )- Extracting icons/64/Dopprl.png
2013-03-14 21:24:00,683: test.s3restore (62 )- Extracting icons/64/Dribble.png
2013-03-14 21:24:00,684: test.s3restore (62 )- Extracting icons/64/Dribble2.png
2013-03-14 21:24:00,686: test.s3restore (62 )- Extracting icons/64/Ember.png
2013-03-14 21:24:00,687: test.s3restore (62 )- Extracting icons/64/Evernote.png
2013-03-14 21:24:00,688: test.s3restore (62 )- Extracting icons/64/Facebook.png
2013-03-14 21:24:00,690: test.s3restore (62 )- Extracting icons/64/Facebook2.png
2013-03-14 21:24:00,693: test.s3restore (62 )- Extracting icons/64/Filmaffinity.png
2013-03-14 21:24:00,707: test.s3restore (62 )- Extracting icons/64/Flickr.png
2013-03-14 21:24:00,710: test.s3restore (62 )- Extracting icons/64/Flickr2.png
2013-03-14 21:24:00,730: test.s3restore (62 )- Extracting icons/64/Forrst.png
2013-03-14 21:24:00,732: test.s3restore (62 )- Extracting icons/64/FriendFeed.png
2013-03-14 21:24:00,733: test.s3restore (62 )- Extracting icons/64/Friendster.png
2013-03-14 21:24:00,736: test.s3restore (62 )- Extracting icons/64/G+.png
2013-03-14 21:24:00,737: test.s3restore (62 )- Extracting icons/64/Google.png
2013-03-14 21:24:00,739: test.s3restore (62 )- Extracting icons/64/GoogleBuzz.png
2013-03-14 21:24:00,740: test.s3restore (62 )- Extracting icons/64/Gowalla.png
2013-03-14 21:24:00,742: test.s3restore (62 )- Extracting icons/64/Grooveshark.png
2013-03-14 21:24:00,743: test.s3restore (62 )- Extracting icons/64/hi5.png
2013-03-14 21:24:00,746: test.s3restore (62 )- Extracting icons/64/Hyves.png
2013-03-14 21:24:00,746: test.s3restore (62 )- Extracting icons/64/iLike.png
2013-03-14 21:24:00,749: test.s3restore (62 )- Extracting icons/64/LastFM.png
2013-03-14 21:24:00,750: test.s3restore (62 )- Extracting icons/64/linkedin.png
2013-03-14 21:24:00,766: test.s3restore (62 )- Extracting icons/64/LiveJournal.png
2013-03-14 21:24:00,779: test.s3restore (62 )- Extracting icons/64/Lovedsgn.png
2013-03-14 21:24:00,782: test.s3restore (62 )- Extracting icons/64/LoveDsgn2.png
2013-03-14 21:24:00,782: test.s3restore (62 )- Extracting icons/64/Mail.png
2013-03-14 21:24:00,785: test.s3restore (62 )- Extracting icons/64/Mixx.png
2013-03-14 21:24:00,786: test.s3restore (62 )- Extracting icons/64/msn.png
2013-03-14 21:24:00,788: test.s3restore (62 )- Extracting icons/64/MySpace.png
2013-03-14 21:24:00,789: test.s3restore (62 )- Extracting icons/64/netlog.png
2013-03-14 21:24:00,792: test.s3restore (62 )- Extracting icons/64/netvibes.png
2013-03-14 21:24:00,792: test.s3restore (62 )- Extracting icons/64/Newsvine.png
2013-03-14 21:24:00,795: test.s3restore (62 )- Extracting icons/64/OpenID.png
2013-03-14 21:24:00,796: test.s3restore (62 )- Extracting icons/64/Orkut.png
2013-03-14 21:24:00,799: test.s3restore (62 )- Extracting icons/64/Pandora.png
2013-03-14 21:24:00,802: test.s3restore (62 )- Extracting icons/64/Picasa.png
2013-03-14 21:24:00,803: test.s3restore (62 )- Extracting icons/64/Ping.png
2013-03-14 21:24:00,805: test.s3restore (62 )- Extracting icons/64/Podcast.png
2013-03-14 21:24:00,806: test.s3restore (62 )- Extracting icons/64/Posterous.png
2013-03-14 21:24:00,809: test.s3restore (62 )- Extracting icons/64/qik.png
2013-03-14 21:24:00,812: test.s3restore (62 )- Extracting icons/64/Reddit.png
2013-03-14 21:24:00,812: test.s3restore (62 )- Extracting icons/64/RSS.png
2013-03-14 21:24:00,815: test.s3restore (62 )- Extracting icons/64/ShareThis.png
2013-03-14 21:24:00,818: test.s3restore (62 )- Extracting icons/64/Skype.png
2013-03-14 21:24:00,848: test.s3restore (62 )- Extracting icons/64/Skype2.png
2013-03-14 21:24:00,851: test.s3restore (62 )- Extracting icons/64/SocialVibe.png
2013-03-14 21:24:00,852: test.s3restore (62 )- Extracting icons/64/Spotify.png
2013-03-14 21:24:00,855: test.s3restore (62 )- Extracting icons/64/Spotify2.png
2013-03-14 21:24:00,857: test.s3restore (62 )- Extracting icons/64/StumbleAudio.png
2013-03-14 21:24:00,858: test.s3restore (62 )- Extracting icons/64/StumbleUpon.png
2013-03-14 21:24:00,861: test.s3restore (62 )- Extracting icons/64/Technorati.png
2013-03-14 21:24:00,862: test.s3restore (62 )- Extracting icons/64/Tumblr.png
2013-03-14 21:24:00,865: test.s3restore (62 )- Extracting icons/64/Twitter.png
2013-03-14 21:24:00,867: test.s3restore (62 )- Extracting icons/64/Twitter2.png
2013-03-14 21:24:00,868: test.s3restore (62 )- Extracting icons/64/Viddler.png
2013-03-14 21:24:00,869: test.s3restore (62 )- Extracting icons/64/Vimeo.png
2013-03-14 21:24:00,871: test.s3restore (62 )- Extracting icons/64/Wordpress.png
2013-03-14 21:24:00,872: test.s3restore (62 )- Extracting icons/64/Xing.png
2013-03-14 21:24:00,875: test.s3restore (62 )- Extracting icons/64/Xing2.png
2013-03-14 21:24:00,875: test.s3restore (62 )- Extracting icons/64/Yahoo Buzz.png
2013-03-14 21:24:00,878: test.s3restore (62 )- Extracting icons/64/Yahoo.png
2013-03-14 21:24:00,880: test.s3restore (62 )- Extracting icons/64/Yelp.png
2013-03-14 21:24:00,881: test.s3restore (62 )- Extracting icons/64/Youtube.png
2013-03-14 21:24:00,882: test.s3restore (62 )- Extracting icons/64/Youtube2.png
2013-03-14 21:24:00,884: test.s3restore (62 )- Extracting icons/64/Zootool.png
2013-03-14 21:29:22,799: test.s3restore (293)- Archive: C:\Users\Strider\Desktop\Cryptovault\tmp\backup\20130314.tar.bz2
2013-03-14 21:30:27,177: test.s3restore (271)- Extracting <TarInfo 'tswallpaper.png' at 0x296c990> to C.
2013-03-14 21:33:11,898: test.s3usercfg (65 )- Keys: AKIAIARHS5CQCSKS6QWA, 0Sq7az+jKpPDpCId85uCWX4jPo/I2LsPt67xXG/h
2013-03-14 21:33:41,454: test.s3backup (144)- Added E:\Project\Test\1.jpg.
2013-03-14 21:33:41,650: test.s3backup (144)- Added E:\Project\Test\2.jpg.
2013-03-14 21:33:41,653: test.s3backup (144)- Added F:\genesis\grp event.jpg.
2013-03-14 21:33:41,846: test.s3backup (144)- Added E:\tswallpaper.png.
2013-03-14 21:33:44,000: test.s3backup (168)- key: <Key: cryptovault,internal/daily/20130314.tar.bz2>
2013-03-14 21:33:44,000: test.s3backup (169)- meta:enc: True
2013-03-14 21:35:21,533: test.s3usercfg (59 )- The user user2 already exists. Exiting.
2013-03-14 21:35:21,533: test.s3usercfg (39 )- Cannot connect to AWS to configure user settings.
2013-03-31 00:56:15,470: test.s3backup (144)- Added E:\Project\Test\1.jpg.
2013-03-31 00:56:15,707: test.s3backup (144)- Added E:\Project\Test\2.jpg.
2013-03-31 00:56:15,759: test.s3backup (144)- Added F:\genesis\grp event.jpg.
2013-03-31 00:56:15,986: test.s3backup (144)- Added E:\tswallpaper.png.
2013-03-31 00:56:19,915: test.s3backup (168)- key: <Key: cryptovault,internal/daily/20130331.tar.bz2>
2013-03-31 00:56:19,917: test.s3backup (169)- meta:enc: True
2013-03-31 00:58:43,703: test.s3backup (144)- Added E:\Project\Test\1.jpg.
2013-03-31 00:58:43,887: test.s3backup (144)- Added E:\Project\Test\2.jpg.
2013-03-31 00:58:43,890: test.s3backup (144)- Added F:\genesis\grp event.jpg.
2013-03-31 00:58:44,071: test.s3backup (144)- Added E:\tswallpaper.png.
2013-03-31 00:58:46,424: test.s3backup (168)- key: <Key: cryptovault,internal/daily/20130331.tar.bz2>
2013-03-31 00:58:46,426: test.s3backup (169)- meta:enc: True
2013-03-31 01:00:46,746: test.s3backup (144)- Added E:\Project\Test\1.jpg.
2013-03-31 01:00:46,928: test.s3backup (144)- Added E:\Project\Test\2.jpg.
2013-03-31 01:00:46,933: test.s3backup (144)- Added F:\genesis\grp event.jpg.
2013-03-31 01:00:47,111: test.s3backup (144)- Added E:\tswallpaper.png.
2013-03-31 01:00:49,191: test.s3backup (168)- key: <Key: cryptovault,internal/daily/20130331.tar.bz2>
2013-03-31 01:00:49,193: test.s3backup (169)- meta:enc: True
2013-03-31 13:30:53,638: test.s3backup (144)- Added E:\Project\Test\1.jpg.
2013-03-31 13:30:53,950: test.s3backup (144)- Added E:\Project\Test\2.jpg.
2013-03-31 13:30:54,138: test.s3backup (144)- Added F:\genesis\grp event.jpg.
2013-03-31 13:30:54,381: test.s3backup (144)- Added E:\tswallpaper.png.
2013-03-31 13:43:54,210: test.s3backup (144)- Added E:\Project\Test\1.jpg.
2013-03-31 13:43:54,391: test.s3backup (144)- Added E:\Project\Test\2.jpg.
2013-03-31 13:43:54,395: test.s3backup (144)- Added F:\genesis\grp event.jpg.
2013-03-31 13:43:54,572: test.s3backup (144)- Added E:\tswallpaper.png.
2013-03-31 13:43:56,983: test.s3backup (168)- key: <Key: cryptovault,internal/daily/20130331.tar.bz2>
2013-03-31 13:43:56,984: test.s3backup (169)- meta:enc: True
2013-03-31 13:45:23,384: test.s3backup (144)- Added E:\Project\Test\1.jpg.
2013-03-31 13:45:23,561: test.s3backup (144)- Added E:\Project\Test\2.jpg.
2013-03-31 13:45:23,565: test.s3backup (144)- Added F:\genesis\grp event.jpg.
2013-03-31 13:45:23,740: test.s3backup (144)- Added E:\tswallpaper.png.
2013-03-31 13:45:26,073: test.s3backup (168)- key: <Key: cryptovault,internal/daily/20130331.tar.bz2>
2013-03-31 13:45:26,075: test.s3backup (169)- meta:enc: True
2013-03-31 13:47:51,198: test.s3backup (144)- Added E:\Project\Test\4.docx.
2013-03-31 13:47:51,216: test.s3backup (144)- Added E:\Project\Test\5.docx.
2013-03-31 13:47:53,234: test.s3backup (168)- key: <Key: cryptovault,internal/monthly/20130331.tar.bz2>
2013-03-31 13:47:53,236: test.s3backup (169)- meta:enc: True
2013-03-31 13:50:08,585: test.s3backup (144)- Added E:\Project\Test\4.docx.
2013-03-31 13:50:08,586: test.s3backup (144)- Added E:\Project\Test\5.docx.
2013-03-31 13:50:10,532: test.s3backup (168)- key: <Key: cryptovault,internal/monthly/20130331.tar.bz2>
2013-03-31 13:50:10,532: test.s3backup (169)- meta:enc: True
2013-03-31 13:51:31,334: test.s3backup (144)- Added E:\Project\Test\4.docx.
2013-03-31 13:51:31,335: test.s3backup (144)- Added E:\Project\Test\5.docx.
2013-03-31 13:51:33,664: test.s3backup (168)- key: <Key: cryptovault,internal/monthly/20130331.tar.bz2>
2013-03-31 13:51:33,664: test.s3backup (169)- meta:enc: True
2013-03-31 13:52:11,681: test.s3backup (144)- Added E:\Project\Test\4.docx.
2013-03-31 13:52:11,684: test.s3backup (144)- Added E:\Project\Test\5.docx.
2013-03-31 13:52:13,924: test.s3backup (168)- key: <Key: cryptovault,internal/monthly/20130331.tar.bz2>
2013-03-31 13:52:13,924: test.s3backup (169)- meta:enc: True
2013-03-31 13:52:47,907: test.s3backup (144)- Added E:\Project\Test\4.docx.
2013-03-31 13:52:47,908: test.s3backup (144)- Added E:\Project\Test\5.docx.
2013-03-31 13:52:49,786: test.s3backup (168)- key: <Key: cryptovault,internal/monthly/20130331.tar.bz2>
2013-03-31 13:52:49,786: test.s3backup (169)- meta:enc: True
2013-03-31 13:55:10,914: test.s3backup (144)- Added E:\Project\Test\4.docx.
2013-03-31 13:55:10,915: test.s3backup (144)- Added E:\Project\Test\5.docx.
2013-03-31 13:55:13,115: test.s3backup (168)- key: <Key: cryptovault,internal/monthly/20130331.tar.bz2>
2013-03-31 13:55:13,115: test.s3backup (169)- meta:enc: True
2013-03-31 13:55:59,186: test.s3backup (144)- Added E:\Project\Test\4.docx.
2013-03-31 13:55:59,187: test.s3backup (144)- Added E:\Project\Test\5.docx.
2013-03-31 13:56:01,368: test.s3backup (168)- key: <Key: cryptovault,internal/monthly/20130331.tar.bz2>
2013-03-31 13:56:01,368: test.s3backup (169)- meta:enc: True
2013-03-31 13:58:20,750: test.s3backup (144)- Added E:\Project\Test\4.docx.
2013-03-31 13:58:20,752: test.s3backup (144)- Added E:\Project\Test\5.docx.
2013-03-31 13:58:22,740: test.s3backup (168)- key: <Key: cryptovault,internal/monthly/20130331.tar.bz2>
2013-03-31 13:58:22,740: test.s3backup (169)- meta:enc: True
2013-03-31 13:58:55,267: test.s3backup (144)- Added E:\Project\Test\4.docx.
2013-03-31 13:58:55,269: test.s3backup (144)- Added E:\Project\Test\5.docx.
2013-03-31 13:58:56,937: test.s3backup (168)- key: <Key: cryptovault,internal/monthly/20130331.tar.bz2>
2013-03-31 13:58:56,937: test.s3backup (169)- meta:enc: True
2013-03-31 14:00:04,460: test.s3backup (144)- Added E:\Project\Test\4.docx.
2013-03-31 14:00:04,463: test.s3backup (144)- Added E:\Project\Test\5.docx.
2013-03-31 14:00:06,443: test.s3backup (168)- key: <Key: cryptovault,internal/monthly/20130331.tar.bz2>
2013-03-31 14:00:06,444: test.s3backup (169)- meta:enc: True
2013-03-31 14:00:54,624: test.s3backup (144)- Added E:\Project\Test\4.docx.
2013-03-31 14:00:54,625: test.s3backup (144)- Added E:\Project\Test\5.docx.
2013-03-31 14:00:56,279: test.s3backup (168)- key: <Key: cryptovault,internal/monthly/20130331.tar.bz2>
2013-03-31 14:00:56,279: test.s3backup (169)- meta:enc: True
2013-03-31 14:01:39,516: test.s3backup (144)- Added E:\Project\Test\4.docx.
2013-03-31 14:01:39,519: test.s3backup (144)- Added E:\Project\Test\5.docx.
2013-03-31 14:01:41,700: test.s3backup (168)- key: <Key: cryptovault,internal/monthly/20130331.tar.bz2>
2013-03-31 14:01:41,701: test.s3backup (169)- meta:enc: True
2013-03-31 14:03:12,677: test.s3backup (144)- Added E:\Project\Test\4.docx.
2013-03-31 14:03:12,677: test.s3backup (144)- Added E:\Project\Test\5.docx.
2013-03-31 14:03:14,914: test.s3backup (168)- key: <Key: cryptovault,internal/monthly/20130331.tar.bz2>
2013-03-31 14:03:14,914: test.s3backup (169)- meta:enc: True
2013-03-31 14:05:23,230: test.s3backup (144)- Added E:\Project\Test\4.docx.
2013-03-31 14:05:23,233: test.s3backup (144)- Added F:\genesis\grp event.jpg.
2013-03-31 14:05:26,584: test.s3backup (144)- Added E:\icons.
2013-03-31 14:05:28,894: test.s3backup (168)- key: <Key: cryptovault,internal/weekly/20130331.tar.bz2>
2013-03-31 14:05:28,894: test.s3backup (169)- meta:enc: True
2013-03-31 15:53:16,072: test.s3backup (144)- Added E:\Project\Test\1.jpg.
2013-03-31 15:53:16,305: test.s3backup (144)- Added E:\Project\Test\2.jpg.
2013-03-31 15:53:16,338: test.s3backup (144)- Added F:\genesis\grp event.jpg.
2013-03-31 15:53:16,648: test.s3backup (144)- Added E:\tswallpaper.png.
2013-03-31 15:53:21,121: test.s3backup (168)- key: <Key: cryptovault,internal/daily/20130331.tar.bz2>
2013-03-31 15:53:21,121: test.s3backup (169)- meta:enc: True
2013-03-31 20:22:42,746: test.s3backup (144)- Added E:\Project\Test\4.docx.
2013-03-31 20:22:42,786: test.s3backup (144)- Added E:\Project\Test\5.docx.
2013-03-31 20:22:47,880: test.s3backup (168)- key: <Key: cryptovault,internal/monthly/20130331.tar.bz2>
2013-03-31 20:22:47,880: test.s3backup (169)- meta:enc: True
2013-03-31 20:24:47,746: test.s3restore (89 )- Calling handle_download. args.date = last
2013-03-31 20:25:38,792: test.s3restore (98 )- Archive: C:\Users\Strider\Desktop\Cryptovault\tmp\backup\20130331.tar.bz2
2013-03-31 20:41:08,601: test.s3restore (293)- Archive: C:\Users\Strider\Desktop\Cryptovault\tmp\backup\20130331.tar.bz2
2013-03-31 20:48:26,573: test.s3restore (293)- Archive: C:\Users\Strider\Desktop\Cryptovault\tmp\backup\20130331.tar.bz2
2013-03-31 20:51:35,671: test.s3restore (89 )- Calling handle_download. args.date = last
2013-03-31 20:52:30,164: test.s3restore (98 )- Archive: C:\Users\Strider\Desktop\Cryptovault\tmp\backup\20130331.tar.bz2
2013-04-01 09:11:19,385: test.s3backup (144)- Added E:\Project\Test\1.jpg.
2013-04-01 09:11:19,588: test.s3backup (144)- Added E:\Project\Test\2.jpg.
2013-04-01 09:11:19,651: test.s3backup (144)- Added F:\genesis\grp event.jpg.
2013-04-01 09:11:19,947: test.s3backup (144)- Added E:\tswallpaper.png.
2013-04-01 11:25:35,509: test.s3restore (89 )- Calling handle_download. args.date = last
2013-04-01 11:42:19,262: test.s3restore (89 )- Calling handle_download. args.date = 3 31 2013
2013-04-01 11:48:10,686: test.s3backup (144)- Added E:\tswallpaper.png.
2013-04-01 11:48:18,592: test.s3backup (168)- key: <Key: cryptovault,internal/daily/20130401.tar.bz2>
2013-04-01 11:48:18,592: test.s3backup (169)- meta:enc: True
2013-04-01 11:49:49,203: test.s3restore (89 )- Calling handle_download. args.date = last
2013-04-01 11:55:10,654: test.s3backup (144)- Added E:\Project\Test\4.docx.
2013-04-01 11:55:16,032: test.s3backup (168)- key: <Key: cryptovault,internal/weekly/20130401.tar.bz2>
2013-04-01 11:55:16,033: test.s3backup (169)- meta:enc: True
2013-04-01 11:56:29,390: test.s3restore (89 )- Calling handle_download. args.date = last
2013-04-01 11:56:39,365: test.s3restore (98 )- Archive: C:\Users\Strider\Desktop\Cryptovault\tmp\backup\20130401.tar.bz2
